<?xml version="1.0" encoding="UTF-8"?>
<robot generator="Robot 7.0 (Python 3.9.1 on win32)" generated="2024-03-19T13:41:00.623790" rpa="false" schemaversion="5">
<suite id="s1" name="Test 2" source="d:\projet bazimo\Test\Test_2.robot">
<test id="s1-t1" name="EDIT_VIGNETTE" line="203">
<kw name="Login" owner="Keywords">
<kw name="Open Browser" owner="SeleniumLibrary">
<msg time="2024-03-19T13:41:00.837500" level="INFO">Opening browser 'chrome' to base url 'https://test-demonext.bazimo.fr/'.</msg>
<arg>${URL}</arg>
<arg>chrome</arg>
<doc>Opens a new browser instance to the optional ``url``.</doc>
<status status="PASS" start="2024-03-19T13:41:00.837191" elapsed="2.623281"/>
</kw>
<kw name="Maximize Browser Window" owner="SeleniumLibrary">
<doc>Maximizes current browser window.</doc>
<status status="PASS" start="2024-03-19T13:41:03.460472" elapsed="0.197072"/>
</kw>
<kw name="on check element visibility" owner="Keywords">
<kw name="Wait Until Element Is Visible" owner="SeleniumLibrary">
<arg>${location}</arg>
<arg>1200</arg>
<doc>Waits until the element ``locator`` is visible.</doc>
<status status="PASS" start="2024-03-19T13:41:03.659559" elapsed="0.027114"/>
</kw>
<kw name="Element Should Be Visible" owner="SeleniumLibrary">
<msg time="2024-03-19T13:41:03.722100" level="INFO">Element '//input[@placeholder="Email"]' is displayed.</msg>
<arg>${location}</arg>
<arg>1200</arg>
<doc>Verifies that the element identified by ``locator`` is visible.</doc>
<status status="PASS" start="2024-03-19T13:41:03.686673" elapsed="0.035427"/>
</kw>
<arg>${INPUT_MAIL}</arg>
<status status="PASS" start="2024-03-19T13:41:03.657544" elapsed="0.064556"/>
</kw>
<kw name="Input Text" owner="SeleniumLibrary">
<msg time="2024-03-19T13:41:03.722100" level="INFO">Typing text 'admin@bazimo.fr' into text field '//input[@placeholder="Email"]'.</msg>
<arg>${INPUT_MAIL}</arg>
<arg>${MAIL}</arg>
<doc>Types the given ``text`` into the text field identified by ``locator``.</doc>
<status status="PASS" start="2024-03-19T13:41:03.722100" elapsed="0.165304"/>
</kw>
<kw name="Input Text" owner="SeleniumLibrary">
<msg time="2024-03-19T13:41:03.887404" level="INFO">Typing text 'admin@bazimo.fr' into text field '//input[@placeholder="Mot de passe"]'.</msg>
<arg>${INPUT_MOT_DE_PASSE}</arg>
<arg>${MOT_DE_PASSE}</arg>
<doc>Types the given ``text`` into the text field identified by ``locator``.</doc>
<status status="PASS" start="2024-03-19T13:41:03.887404" elapsed="0.111083"/>
</kw>
<kw name="Click Button" owner="SeleniumLibrary">
<msg time="2024-03-19T13:41:03.998487" level="INFO">Clicking button '//button[@class="h-full w-full flex items-center justify-center disabled:bg-neutral-45 disabled:cursor-not-allowed disabled:text-neutral-50 rounded-full px-[16px] bg-primary-100 text-neutral-0 hover:bg-primary-90 hover:shadow-none active:bg-primary-100 active:shadow-lg"]'.</msg>
<arg>${BOUTON_CONNEXION}</arg>
<doc>Clicks the button identified by ``locator``.</doc>
<status status="PASS" start="2024-03-19T13:41:03.998487" elapsed="0.054721"/>
</kw>
<status status="PASS" start="2024-03-19T13:41:00.836143" elapsed="3.217065"/>
</kw>
<kw name="on check element visibility" owner="Keywords">
<kw name="Wait Until Element Is Visible" owner="SeleniumLibrary">
<arg>${location}</arg>
<arg>1200</arg>
<doc>Waits until the element ``locator`` is visible.</doc>
<status status="PASS" start="2024-03-19T13:41:04.053208" elapsed="2.357418"/>
</kw>
<kw name="Element Should Be Visible" owner="SeleniumLibrary">
<msg time="2024-03-19T13:41:06.424190" level="INFO">Element '//div[@class="group flex cursor-pointer items-center justify-between border-b border-neutral-40 p-3 text-sm hover:bg-primary-25"]' is displayed.</msg>
<arg>${location}</arg>
<arg>1200</arg>
<doc>Verifies that the element identified by ``locator`` is visible.</doc>
<status status="PASS" start="2024-03-19T13:41:06.410626" elapsed="0.027783"/>
</kw>
<arg>${BUILDING}</arg>
<status status="PASS" start="2024-03-19T13:41:04.053208" elapsed="2.385201"/>
</kw>
<kw name="Click Element" owner="SeleniumLibrary">
<msg time="2024-03-19T13:41:06.447095" level="INFO">Clicking element '(//div[@class="group flex cursor-pointer items-center justify-between border-b border-neutral-40 p-3 text-sm hover:bg-primary-25"])[1]'.</msg>
<arg>(${BUILDING})[1]</arg>
<doc>Click the element identified by ``locator``.</doc>
<status status="PASS" start="2024-03-19T13:41:06.439463" elapsed="0.071653"/>
</kw>
<kw name="on check element visibility" owner="Keywords">
<kw name="Wait Until Element Is Visible" owner="SeleniumLibrary">
<arg>${location}</arg>
<arg>1200</arg>
<doc>Waits until the element ``locator`` is visible.</doc>
<status status="PASS" start="2024-03-19T13:41:06.513163" elapsed="1.514510"/>
</kw>
<kw name="Element Should Be Visible" owner="SeleniumLibrary">
<msg time="2024-03-19T13:41:08.085641" level="INFO">Element '//div[@class="mr-[5px] flex flex-1 flex-col items-center py-4"]' is displayed.</msg>
<arg>${location}</arg>
<arg>1200</arg>
<doc>Verifies that the element identified by ``locator`` is visible.</doc>
<status status="PASS" start="2024-03-19T13:41:08.027673" elapsed="0.058414"/>
</kw>
<arg>${MENU_PAGE_BUILDING}</arg>
<status status="PASS" start="2024-03-19T13:41:06.512167" elapsed="1.575922"/>
</kw>
<kw name="Click Element" owner="SeleniumLibrary">
<msg time="2024-03-19T13:41:08.100235" level="INFO">Clicking element '(//div[@class="mr-[5px] flex flex-1 flex-col items-center py-4"])[3]'.</msg>
<arg>(${MENU_PAGE_BUILDING})[3]</arg>
<doc>Click the element identified by ``locator``.</doc>
<status status="PASS" start="2024-03-19T13:41:08.099227" elapsed="0.183250"/>
</kw>
<kw name="Sleep" owner="BuiltIn">
<msg time="2024-03-19T13:41:09.783500" level="INFO">Slept 1 second 500 milliseconds.</msg>
<arg>1.5</arg>
<doc>Pauses the test executed for the given time.</doc>
<status status="PASS" start="2024-03-19T13:41:08.283476" elapsed="1.500024"/>
</kw>
<kw name="on check element visibility" owner="Keywords">
<kw name="Wait Until Element Is Visible" owner="SeleniumLibrary">
<arg>${location}</arg>
<arg>1200</arg>
<doc>Waits until the element ``locator`` is visible.</doc>
<status status="PASS" start="2024-03-19T13:41:09.783500" elapsed="0.048456"/>
</kw>
<kw name="Element Should Be Visible" owner="SeleniumLibrary">
<msg time="2024-03-19T13:41:09.847320" level="INFO">Element '(//button[@class="h-full w-full flex items-center justify-center disabled:bg-neutral-45 disabled:cursor-not-allowed disabled:text-neutral-50 rounded-md bg-primary-100 text-neutral-0 hover:bg-primary-90 hover:shadow-none active:bg-primary-100 active:shadow-lg"])[2]' is displayed.</msg>
<arg>${location}</arg>
<arg>1200</arg>
<doc>Verifies that the element identified by ``locator`` is visible.</doc>
<status status="PASS" start="2024-03-19T13:41:09.831956" elapsed="0.015364"/>
</kw>
<arg>(${BUTTON_MODIFY})[2]</arg>
<status status="PASS" start="2024-03-19T13:41:09.783500" elapsed="0.063820"/>
</kw>
<kw name="Click Button" owner="SeleniumLibrary">
<msg time="2024-03-19T13:41:09.847320" level="INFO">Clicking button '(//button[@class="h-full w-full flex items-center justify-center disabled:bg-neutral-45 disabled:cursor-not-allowed disabled:text-neutral-50 rounded-md bg-primary-100 text-neutral-0 hover:bg-primary-90 hover:shadow-none active:bg-primary-100 active:shadow-lg"])[2]'.</msg>
<arg>(${BUTTON_MODIFY})[2]</arg>
<doc>Clicks the button identified by ``locator``.</doc>
<status status="PASS" start="2024-03-19T13:41:09.847320" elapsed="0.080242"/>
</kw>
<kw name="on check element visibility" owner="Keywords">
<kw name="Wait Until Element Is Visible" owner="SeleniumLibrary">
<arg>${location}</arg>
<arg>1200</arg>
<doc>Waits until the element ``locator`` is visible.</doc>
<status status="PASS" start="2024-03-19T13:41:09.927562" elapsed="0.285808"/>
</kw>
<kw name="Element Should Be Visible" owner="SeleniumLibrary">
<msg time="2024-03-19T13:41:10.231146" level="INFO">Element '//input[@class="relative h-full w-full italic truncate bg-opacity-0 placeholder:italic focus:outline-none bg-neutral-0 text-neutral-100"]' is displayed.</msg>
<arg>${location}</arg>
<arg>1200</arg>
<doc>Verifies that the element identified by ``locator`` is visible.</doc>
<status status="PASS" start="2024-03-19T13:41:10.213370" elapsed="0.018774"/>
</kw>
<arg>${TITLE_INPUT}</arg>
<status status="PASS" start="2024-03-19T13:41:09.927562" elapsed="0.304582"/>
</kw>
<kw name="Get Element Attribute" owner="SeleniumLibrary">
<msg time="2024-03-19T13:41:10.250912" level="INFO">${Title1} = Bâtiment</msg>
<var>${Title1}</var>
<arg>${TITLE_INPUT}</arg>
<arg>title</arg>
<doc>Returns the value of ``attribute`` from the element ``locator``.</doc>
<status status="PASS" start="2024-03-19T13:41:10.233144" elapsed="0.017768"/>
</kw>
<kw name="Click Element" owner="SeleniumLibrary">
<msg time="2024-03-19T13:41:10.251913" level="INFO">Clicking element '//input[@class="relative h-full w-full italic truncate bg-opacity-0 placeholder:italic focus:outline-none bg-neutral-0 text-neutral-100"]'.</msg>
<arg>${TITLE_INPUT}</arg>
<doc>Click the element identified by ``locator``.</doc>
<status status="PASS" start="2024-03-19T13:41:10.251913" elapsed="0.056007"/>
</kw>
<kw name="on check element visibility" owner="Keywords">
<kw name="Wait Until Element Is Visible" owner="SeleniumLibrary">
<arg>${location}</arg>
<arg>1200</arg>
<doc>Waits until the element ``locator`` is visible.</doc>
<status status="PASS" start="2024-03-19T13:41:10.310105" elapsed="0.265891"/>
</kw>
<kw name="Element Should Be Visible" owner="SeleniumLibrary">
<msg time="2024-03-19T13:41:10.606601" level="INFO">Element '//span[@class="block w-full truncate"]' is displayed.</msg>
<arg>${location}</arg>
<arg>1200</arg>
<doc>Verifies that the element identified by ``locator`` is visible.</doc>
<status status="PASS" start="2024-03-19T13:41:10.575996" elapsed="0.041202"/>
</kw>
<arg>${TITLE_ELEMENTS}</arg>
<status status="PASS" start="2024-03-19T13:41:10.309096" elapsed="0.308102"/>
</kw>
<kw name="Click Element" owner="SeleniumLibrary">
<msg time="2024-03-19T13:41:10.617198" level="INFO">Clicking element '(//span[@class="block w-full truncate"])[2]'.</msg>
<arg>(${TITLE_ELEMENTS})[2]</arg>
<doc>Click the element identified by ``locator``.</doc>
<status status="PASS" start="2024-03-19T13:41:10.617198" elapsed="0.061204"/>
</kw>
<kw name="on check element visibility" owner="Keywords">
<kw name="Wait Until Element Is Visible" owner="SeleniumLibrary">
<arg>${location}</arg>
<arg>1200</arg>
<doc>Waits until the element ``locator`` is visible.</doc>
<status status="PASS" start="2024-03-19T13:41:10.678402" elapsed="0.039194"/>
</kw>
<kw name="Element Should Be Visible" owner="SeleniumLibrary">
<msg time="2024-03-19T13:41:10.750087" level="INFO">Element '//button[@class="h-full w-full flex items-center justify-center disabled:bg-neutral-45 disabled:cursor-not-allowed disabled:text-neutral-50 rounded-md bg-neutral-50 text-neutral-0 hover:bg-neutral-45 hover:shadow-none active:bg-neutral-50 active:shadow-lg"]' is displayed.</msg>
<arg>${location}</arg>
<arg>1200</arg>
<doc>Verifies that the element identified by ``locator`` is visible.</doc>
<status status="PASS" start="2024-03-19T13:41:10.718156" elapsed="0.033541"/>
</kw>
<arg>${CANCEL_BUTTON}</arg>
<status status="PASS" start="2024-03-19T13:41:10.678402" elapsed="0.073295"/>
</kw>
<kw name="Click Button" owner="SeleniumLibrary">
<msg time="2024-03-19T13:41:10.768233" level="INFO">Clicking button '//button[@class="h-full w-full flex items-center justify-center disabled:bg-neutral-45 disabled:cursor-not-allowed disabled:text-neutral-50 rounded-md bg-neutral-50 text-neutral-0 hover:bg-neutral-45 hover:shadow-none active:bg-neutral-50 active:shadow-lg"]'.</msg>
<arg>${CANCEL_BUTTON}</arg>
<doc>Clicks the button identified by ``locator``.</doc>
<status status="PASS" start="2024-03-19T13:41:10.768233" elapsed="0.105449"/>
</kw>
<kw name="on check element not visibility" owner="Keywords">
<kw name="Wait Until Element Is Not Visible" owner="SeleniumLibrary">
<arg>${location}</arg>
<arg>1200</arg>
<doc>Waits until the element ``locator`` is not visible.</doc>
<status status="PASS" start="2024-03-19T13:41:10.876178" elapsed="0.247716"/>
</kw>
<kw name="Element Should Not Be Visible" owner="SeleniumLibrary">
<msg time="2024-03-19T13:41:11.142793" level="INFO">Element '//input[@class="relative h-full w-full italic truncate bg-opacity-0 placeholder:italic focus:outline-none bg-neutral-0 text-neutral-100"]' did not exist.</msg>
<arg>${location}</arg>
<arg>1200</arg>
<doc>Verifies that the element identified by ``locator`` is NOT visible.</doc>
<status status="PASS" start="2024-03-19T13:41:11.123894" elapsed="0.018899"/>
</kw>
<arg>${TITLE_INPUT}</arg>
<status status="PASS" start="2024-03-19T13:41:10.876178" elapsed="0.266615"/>
</kw>
<kw name="Click Button" owner="SeleniumLibrary">
<msg time="2024-03-19T13:41:11.142793" level="INFO">Clicking button '(//button[@class="h-full w-full flex items-center justify-center disabled:bg-neutral-45 disabled:cursor-not-allowed disabled:text-neutral-50 rounded-md bg-primary-100 text-neutral-0 hover:bg-primary-90 hover:shadow-none active:bg-primary-100 active:shadow-lg"])[2]'.</msg>
<arg>(${BUTTON_MODIFY})[2]</arg>
<doc>Clicks the button identified by ``locator``.</doc>
<status status="PASS" start="2024-03-19T13:41:11.142793" elapsed="0.063887"/>
</kw>
<kw name="on check element visibility" owner="Keywords">
<kw name="Wait Until Element Is Visible" owner="SeleniumLibrary">
<arg>${location}</arg>
<arg>1200</arg>
<doc>Waits until the element ``locator`` is visible.</doc>
<status status="PASS" start="2024-03-19T13:41:11.206680" elapsed="0.282969"/>
</kw>
<kw name="Element Should Be Visible" owner="SeleniumLibrary">
<msg time="2024-03-19T13:41:11.505152" level="INFO">Element '//input[@class="relative h-full w-full italic truncate bg-opacity-0 placeholder:italic focus:outline-none bg-neutral-0 text-neutral-100"]' is displayed.</msg>
<arg>${location}</arg>
<arg>1200</arg>
<doc>Verifies that the element identified by ``locator`` is visible.</doc>
<status status="PASS" start="2024-03-19T13:41:11.498124" elapsed="0.015854"/>
</kw>
<arg>${TITLE_INPUT}</arg>
<status status="PASS" start="2024-03-19T13:41:11.206680" elapsed="0.307298"/>
</kw>
<kw name="Get Element Attribute" owner="SeleniumLibrary">
<msg time="2024-03-19T13:41:11.522944" level="INFO">${Title2} = Bâtiment</msg>
<var>${Title2}</var>
<arg>${TITLE_INPUT}</arg>
<arg>title</arg>
<doc>Returns the value of ``attribute`` from the element ``locator``.</doc>
<status status="PASS" start="2024-03-19T13:41:11.513978" elapsed="0.008966"/>
</kw>
<kw name="Should Be Equal" owner="BuiltIn">
<arg>${Title1}</arg>
<arg>${Title2}</arg>
<doc>Fails if the given objects are unequal.</doc>
<status status="PASS" start="2024-03-19T13:41:11.522944" elapsed="0.000000"/>
</kw>
<kw name="Click Button" owner="SeleniumLibrary">
<msg time="2024-03-19T13:41:11.522944" level="INFO">Clicking button '//button[@class="h-full w-full flex items-center justify-center disabled:bg-neutral-45 disabled:cursor-not-allowed disabled:text-neutral-50 rounded-md bg-neutral-50 text-neutral-0 hover:bg-neutral-45 hover:shadow-none active:bg-neutral-50 active:shadow-lg"]'.</msg>
<arg>${CANCEL_BUTTON}</arg>
<doc>Clicks the button identified by ``locator``.</doc>
<status status="PASS" start="2024-03-19T13:41:11.522944" elapsed="0.077931"/>
</kw>
<status status="PASS" start="2024-03-19T13:41:00.835102" elapsed="10.779829"/>
</test>
<status status="PASS" start="2024-03-19T13:41:00.623790" elapsed="10.999546"/>
</suite>
<statistics>
<total>
<stat pass="1" fail="0" skip="0">All Tests</stat>
</total>
<tag>
</tag>
<suite>
<stat pass="1" fail="0" skip="0" id="s1" name="Test 2">Test 2</stat>
</suite>
</statistics>
<errors>
<msg time="2024-03-19T13:41:00.815643" level="WARN">Error in file 'd:\projet bazimo\Keywords\Keywords.robot' on line 69: The '[Return]' setting is deprecated. Use the 'RETURN' statement instead.</msg>
<msg time="2024-03-19T13:41:00.815643" level="WARN">Error in file 'd:\projet bazimo\Keywords\Keywords.robot' on line 88: The '[Return]' setting is deprecated. Use the 'RETURN' statement instead.</msg>
<msg time="2024-03-19T13:41:00.815643" level="WARN">Error in file 'd:\projet bazimo\Keywords\Keywords.robot' on line 95: The '[Return]' setting is deprecated. Use the 'RETURN' statement instead.</msg>
</errors>
</robot>
